Arguments: 
  /usr/local/bin/node /usr/local/bin/yarn init

PATH: 
  /home/iceman/Developer/wm/swaybox/build/sway:/home/iceman/Developer/wm/tinybox/build/tinybox:/home/iceman/Developer/flutter/bin:/home/iceman/Developer/Android/jdk1.8.0_181//bin:/home/iceman/Developer/Android/platform-tools:/home/iceman/Developer/Android/tools/bin:/home/iceman/Developer/Android/tools:/home/iceman/Developer/Android/emulator:/home/iceman/Developer/Android:/home/iceman/Developer/Android/android-ndk-r20/:/opt/google-cloud-sdk/bin:/usr/local/bin:/usr/local/sbin:/usr/bin:/usr/lib/jvm/default/bin:/usr/bin/site_perl:/usr/bin/vendor_perl:/usr/bin/core_perl

Yarn version: 
  1.22.4

Node version: 
  10.16.3

Platform: 
  linux x64

Trace: 
  SyntaxError: /home/iceman/Developer/react-qt-native/react/package.json: Unexpected end of JSON input
      at JSON.parse (<anonymous>)
      at /usr/local/lib/node_modules/yarn/lib/cli.js:1625:59
      at Generator.next (<anonymous>)
      at step (/usr/local/lib/node_modules/yarn/lib/cli.js:310:30)
      at /usr/local/lib/node_modules/yarn/lib/cli.js:321:13

npm manifest: 
  

yarn manifest: 
  No manifest

Lockfile: 
  No lockfile
